<?xml version="1.0" encoding="UTF-8"?>
<testsuite xmlns:xsi="http://www.w3.org/2001/XMLSchema-instance" xsi:noNamespaceSchemaLocation="https://maven.apache.org/surefire/maven-surefire-plugin/xsd/surefire-test-report.xsd" name="examples.students.StudentsRunner" time="1.119" tests="1" errors="0" skipped="0" failures="0">
  <properties>
    <property name="gopherProxySet" value="false"/>
    <property name="awt.toolkit" value="sun.lwawt.macosx.LWCToolkit"/>
    <property name="java.specification.version" value="11"/>
    <property name="sun.cpu.isalist" value=""/>
    <property name="sun.jnu.encoding" value="UTF-8"/>
    <property name="java.class.path" value="/YOUR-PATH/target/test-classes:/YOUR-PATH/target/classes:/$HOME/.m2/repository/com/intuit/karate/karate-apache/0.9.5/karate-apache-0.9.5.jar:/$HOME/.m2/repository/com/intuit/karate/karate-core/0.9.5/karate-core-0.9.5.jar:/$HOME/.m2/repository/com/jayway/jsonpath/json-path/2.4.0/json-path-2.4.0.jar:/$HOME/.m2/repository/net/minidev/json-smart/2.3/json-smart-2.3.jar:/$HOME/.m2/repository/net/minidev/accessors-smart/1.2/accessors-smart-1.2.jar:/$HOME/.m2/repository/org/ow2/asm/asm/5.0.4/asm-5.0.4.jar:/$HOME/.m2/repository/info/cukes/cucumber-java/1.2.5/cucumber-java-1.2.5.jar:/$HOME/.m2/repository/info/cukes/cucumber-core/1.2.5/cucumber-core-1.2.5.jar:/$HOME/.m2/repository/org/yaml/snakeyaml/1.24/snakeyaml-1.24.jar:/$HOME/.m2/repository/de/siegmar/fastcsv/1.0.3/fastcsv-1.0.3.jar:/$HOME/.m2/repository/info/picocli/picocli/4.0.3/picocli-4.0.3.jar:/$HOME/.m2/repository/org/apache/httpcomponents/httpclient/4.5.11/httpclient-4.5.11.jar:/$HOME/.m2/repository/org/apache/httpcomponents/httpcore/4.4.13/httpcore-4.4.13.jar:/$HOME/.m2/repository/commons-codec/commons-codec/1.11/commons-codec-1.11.jar:/$HOME/.m2/repository/org/apache/httpcomponents/httpmime/4.5.11/httpmime-4.5.11.jar:/$HOME/.m2/repository/org/slf4j/jcl-over-slf4j/1.7.25/jcl-over-slf4j-1.7.25.jar:/$HOME/.m2/repository/org/slf4j/slf4j-api/1.7.25/slf4j-api-1.7.25.jar:/$HOME/.m2/repository/ch/qos/logback/logback-classic/1.2.3/logback-classic-1.2.3.jar:/$HOME/.m2/repository/ch/qos/logback/logback-core/1.2.3/logback-core-1.2.3.jar:/$HOME/.m2/repository/com/intuit/karate/karate-junit5/0.9.5/karate-junit5-0.9.5.jar:/$HOME/.m2/repository/org/junit/jupiter/junit-jupiter-api/5.5.0/junit-jupiter-api-5.5.0.jar:/$HOME/.m2/repository/org/apiguardian/apiguardian-api/1.1.0/apiguardian-api-1.1.0.jar:/$HOME/.m2/repository/org/opentest4j/opentest4j/1.2.0/opentest4j-1.2.0.jar:/$HOME/.m2/repository/org/junit/platform/junit-platform-commons/1.5.0/junit-platform-commons-1.5.0.jar:/$HOME/.m2/repository/org/junit/jupiter/junit-jupiter-engine/5.5.0/junit-jupiter-engine-5.5.0.jar:/$HOME/.m2/repository/org/junit/platform/junit-platform-engine/1.5.0/junit-platform-engine-1.5.0.jar:"/>
    <property name="java.vm.vendor" value="Amazon.com Inc."/>
    <property name="sun.arch.data.model" value="64"/>
    <property name="java.vendor.url" value="https://aws.amazon.com/corretto/"/>
    <property name="user.timezone" value=""/>
    <property name="java.vm.specification.version" value="11"/>
    <property name="os.name" value="Mac OS X"/>
    <property name="sun.java.launcher" value="SUN_STANDARD"/>
    <property name="user.country" value="JP"/>
    <property name="sun.boot.library.path" value="/Library/Java/JavaVirtualMachines/amazon-corretto-11.jdk/Contents/Home/lib"/>
    <property name="sun.java.command" value="/YOUR-PATH/target/surefire/surefirebooter6668653680778788606.jar /YOUR-PATH/target/surefire 2021-12-14T14-08-34_561-jvmRun1 surefire8632006463561686281tmp surefire_08111911484575219519tmp"/>
    <property name="http.nonProxyHosts" value="local|*.local|169.254/16|*.169.254/16"/>
    <property name="jdk.debug" value="release"/>
    <property name="test" value="StudentsRunner"/>
    <property name="surefire.test.class.path" value="/YOUR-PATH/target/test-classes:/YOUR-PATH/target/classes:/$HOME/.m2/repository/com/intuit/karate/karate-apache/0.9.5/karate-apache-0.9.5.jar:/$HOME/.m2/repository/com/intuit/karate/karate-core/0.9.5/karate-core-0.9.5.jar:/$HOME/.m2/repository/com/jayway/jsonpath/json-path/2.4.0/json-path-2.4.0.jar:/$HOME/.m2/repository/net/minidev/json-smart/2.3/json-smart-2.3.jar:/$HOME/.m2/repository/net/minidev/accessors-smart/1.2/accessors-smart-1.2.jar:/$HOME/.m2/repository/org/ow2/asm/asm/5.0.4/asm-5.0.4.jar:/$HOME/.m2/repository/info/cukes/cucumber-java/1.2.5/cucumber-java-1.2.5.jar:/$HOME/.m2/repository/info/cukes/cucumber-core/1.2.5/cucumber-core-1.2.5.jar:/$HOME/.m2/repository/org/yaml/snakeyaml/1.24/snakeyaml-1.24.jar:/$HOME/.m2/repository/de/siegmar/fastcsv/1.0.3/fastcsv-1.0.3.jar:/$HOME/.m2/repository/info/picocli/picocli/4.0.3/picocli-4.0.3.jar:/$HOME/.m2/repository/org/apache/httpcomponents/httpclient/4.5.11/httpclient-4.5.11.jar:/$HOME/.m2/repository/org/apache/httpcomponents/httpcore/4.4.13/httpcore-4.4.13.jar:/$HOME/.m2/repository/commons-codec/commons-codec/1.11/commons-codec-1.11.jar:/$HOME/.m2/repository/org/apache/httpcomponents/httpmime/4.5.11/httpmime-4.5.11.jar:/$HOME/.m2/repository/org/slf4j/jcl-over-slf4j/1.7.25/jcl-over-slf4j-1.7.25.jar:/$HOME/.m2/repository/org/slf4j/slf4j-api/1.7.25/slf4j-api-1.7.25.jar:/$HOME/.m2/repository/ch/qos/logback/logback-classic/1.2.3/logback-classic-1.2.3.jar:/$HOME/.m2/repository/ch/qos/logback/logback-core/1.2.3/logback-core-1.2.3.jar:/$HOME/.m2/repository/com/intuit/karate/karate-junit5/0.9.5/karate-junit5-0.9.5.jar:/$HOME/.m2/repository/org/junit/jupiter/junit-jupiter-api/5.5.0/junit-jupiter-api-5.5.0.jar:/$HOME/.m2/repository/org/apiguardian/apiguardian-api/1.1.0/apiguardian-api-1.1.0.jar:/$HOME/.m2/repository/org/opentest4j/opentest4j/1.2.0/opentest4j-1.2.0.jar:/$HOME/.m2/repository/org/junit/platform/junit-platform-commons/1.5.0/junit-platform-commons-1.5.0.jar:/$HOME/.m2/repository/org/junit/jupiter/junit-jupiter-engine/5.5.0/junit-jupiter-engine-5.5.0.jar:/$HOME/.m2/repository/org/junit/platform/junit-platform-engine/1.5.0/junit-platform-engine-1.5.0.jar:"/>
    <property name="sun.cpu.endian" value="little"/>
    <property name="user.home" value="/$HOME"/>
    <property name="user.language" value="ja"/>
    <property name="java.specification.vendor" value="Oracle Corporation"/>
    <property name="java.version.date" value="2021-10-19"/>
    <property name="java.home" value="/Library/Java/JavaVirtualMachines/amazon-corretto-11.jdk/Contents/Home"/>
    <property name="file.separator" value="/"/>
    <property name="basedir" value="/YOUR-PATH"/>
    <property name="java.vm.compressedOopsMode" value="Zero based"/>
    <property name="line.separator" value="&#10;"/>
    <property name="java.specification.name" value="Java Platform API Specification"/>
    <property name="java.vm.specification.vendor" value="Oracle Corporation"/>
    <property name="java.awt.graphicsenv" value="sun.awt.CGraphicsEnvironment"/>
    <property name="surefire.real.class.path" value="/YOUR-PATH/target/surefire/surefirebooter6668653680778788606.jar"/>
    <property name="sun.management.compiler" value="HotSpot 64-Bit Tiered Compilers"/>
    <property name="ftp.nonProxyHosts" value="local|*.local|169.254/16|*.169.254/16"/>
    <property name="java.runtime.version" value="11.0.13+8-LTS"/>
    <property name="user.name" value="your-name"/>
    <property name="path.separator" value=":"/>
    <property name="os.version" value="10.15.7"/>
    <property name="java.runtime.name" value="OpenJDK Runtime Environment"/>
    <property name="file.encoding" value="UTF-8"/>
    <property name="java.vm.name" value="OpenJDK 64-Bit Server VM"/>
    <property name="java.vendor.version" value="Corretto-11.0.13.8.1"/>
    <property name="localRepository" value="/$HOME/.m2/repository"/>
    <property name="java.vendor.url.bug" value="https://github.com/corretto/corretto-11/issues/"/>
    <property name="java.io.tmpdir" value="/var/folders/z2/qywkmcrd7hnc6ws2qmn97jsm0000gn/T/"/>
    <property name="java.version" value="11.0.13"/>
    <property name="user.dir" value="/YOUR-PATH"/>
    <property name="os.arch" value="x86_64"/>
    <property name="java.vm.specification.name" value="Java Virtual Machine Specification"/>
    <property name="java.awt.printerjob" value="sun.lwawt.macosx.CPrinterJob"/>
    <property name="sun.os.patch.level" value="unknown"/>
    <property name="java.library.path" value="/$HOME/Library/Java/Extensions:/Library/Java/Extensions:/Network/Library/Java/Extensions:/System/Library/Java/Extensions:/usr/lib/java:."/>
    <property name="java.vm.info" value="mixed mode"/>
    <property name="java.vendor" value="Amazon.com Inc."/>
    <property name="java.vm.version" value="11.0.13+8-LTS"/>
    <property name="sun.io.unicode.encoding" value="UnicodeBig"/>
    <property name="java.class.version" value="55.0"/>
    <property name="socksNonProxyHosts" value="local|*.local|169.254/16|*.169.254/16"/>
  </properties>
  <testcase name="testStudents[1][1]" classname="examples.students.StudentsRunner" time="0.518"/>
</testsuite>